  VulkanDynamics.cpp
C:\Users\karratdev\Projects\VulkanDynamics\VulkanDynamics\VulkanDynamics\VulkanRenderSettings.hpp(188,54): warning C4267: '=': conversion from 'size_t' to 'uint32_t', possible loss of data
C:\Users\karratdev\Projects\VulkanDynamics\VulkanDynamics\VulkanDynamics\VulkanObjectPick.hpp(294,48): warning C4267: '=': conversion from 'size_t' to 'uint32_t', possible loss of data
C:\Users\karratdev\Projects\VulkanDynamics\VulkanDynamics\VulkanDynamics\VulkanReflect.hpp(140,33): warning C4244: '=': conversion from 'unsigned int' to 'float', possible loss of data
C:\Users\karratdev\Projects\VulkanDynamics\VulkanDynamics\VulkanDynamics\VulkanReflect.hpp(141,34): warning C4244: '=': conversion from 'unsigned int' to 'float', possible loss of data
C:\Users\karratdev\Projects\VulkanDynamics\VulkanDynamics\VulkanDynamics\VulkanDynamics.cpp(95,37): warning C4244: '=': conversion from 'double' to 'T', possible loss of data
          with
          [
              T=float
          ]
C:\Users\karratdev\Projects\VulkanDynamics\VulkanDynamics\VulkanDynamics\VulkanDynamics.cpp(96,24): warning C4244: '=': conversion from 'double' to 'T', possible loss of data
          with
          [
              T=float
          ]
C:\Users\karratdev\Projects\VulkanDynamics\VulkanDynamics\VulkanDynamics\VulkanDynamics.cpp(97,37): warning C4244: '=': conversion from 'double' to 'T', possible loss of data
          with
          [
              T=float
          ]
  VulkanDynamics.vcxproj -> C:\Users\karratdev\Projects\VulkanDynamics\VulkanDynamics\x64\Debug\VulkanDynamics.exe
